c:\users\dell\downloads\cs202-supermario\build\supermario.dir\debug\vc143.pdb
c:\users\dell\downloads\cs202-supermario\build\supermario.dir\debug\characterstate.obj
c:\users\dell\downloads\cs202-supermario\build\supermario.dir\debug\star.obj
c:\users\dell\downloads\cs202-supermario\build\supermario.dir\debug\mushroom.obj
c:\users\dell\downloads\cs202-supermario\build\supermario.dir\debug\flower.obj
c:\users\dell\downloads\cs202-supermario\build\supermario.dir\debug\coin.obj
c:\users\dell\downloads\cs202-supermario\build\supermario.dir\debug\item.obj
c:\users\dell\downloads\cs202-supermario\build\supermario.dir\debug\sprite.obj
c:\users\dell\downloads\cs202-supermario\build\supermario.dir\debug\settings.obj
c:\users\dell\downloads\cs202-supermario\build\supermario.dir\debug\resourcemanager.obj
c:\users\dell\downloads\cs202-supermario\build\supermario.dir\debug\inputmanager.obj
c:\users\dell\downloads\cs202-supermario\build\supermario.dir\debug\global.obj
c:\users\dell\downloads\cs202-supermario\build\supermario.dir\debug\gameengine.obj
c:\users\dell\downloads\cs202-supermario\build\supermario.dir\debug\fpsmanager.obj
c:\users\dell\downloads\cs202-supermario\build\supermario.dir\debug\filehandle.obj
c:\users\dell\downloads\cs202-supermario\build\supermario.dir\debug\entity.obj
c:\users\dell\downloads\cs202-supermario\build\supermario.dir\debug\collision.obj
c:\users\dell\downloads\cs202-supermario\build\supermario.dir\debug\camera.obj
c:\users\dell\downloads\cs202-supermario\build\supermario.dir\debug\block.obj
c:\users\dell\downloads\cs202-supermario\build\supermario.dir\debug\background.obj
c:\users\dell\downloads\cs202-supermario\build\supermario.dir\debug\animation.obj
c:\users\dell\downloads\cs202-supermario\build\supermario.dir\debug\menu.obj
c:\users\dell\downloads\cs202-supermario\build\supermario.dir\debug\map.obj
c:\users\dell\downloads\cs202-supermario\build\supermario.dir\debug\luigi.obj
c:\users\dell\downloads\cs202-supermario\build\supermario.dir\debug\mario.obj
c:\users\dell\downloads\cs202-supermario\build\supermario.dir\debug\character.obj
c:\users\dell\downloads\cs202-supermario\build\supermario.dir\debug\texteffect.obj
c:\users\dell\downloads\cs202-supermario\build\supermario.dir\debug\effect.obj
c:\users\dell\downloads\cs202-supermario\build\supermario.dir\debug\shell.obj
c:\users\dell\downloads\cs202-supermario\build\supermario.dir\debug\plant.obj
c:\users\dell\downloads\cs202-supermario\build\supermario.dir\debug\koopatroopa.obj
c:\users\dell\downloads\cs202-supermario\build\supermario.dir\debug\goomba.obj
c:\users\dell\downloads\cs202-supermario\build\supermario.dir\debug\enemy.obj
c:\users\dell\downloads\cs202-supermario\build\supermario.dir\debug\superstarmanstate.obj
c:\users\dell\downloads\cs202-supermario\build\supermario.dir\debug\firestarmanstate.obj
c:\users\dell\downloads\cs202-supermario\build\supermario.dir\debug\tailstate.obj
c:\users\dell\downloads\cs202-supermario\build\supermario.dir\debug\starmanstate.obj
c:\users\dell\downloads\cs202-supermario\build\supermario.dir\debug\superstate.obj
c:\users\dell\downloads\cs202-supermario\build\supermario.dir\debug\fireball.obj
c:\users\dell\downloads\cs202-supermario\build\supermario.dir\debug\firestate.obj
c:\users\dell\downloads\cs202-supermario\build\supermario.dir\debug\normalstate.obj
c:\users\dell\downloads\cs202-supermario\build\supermario.dir\debug\main.obj
c:\users\dell\downloads\cs202-supermario\build\cmakefiles\generate.stamp
c:\users\dell\downloads\cs202-supermario\build\debug\supermario.exe
c:\users\dell\downloads\cs202-supermario\build\debug\supermario.pdb
c:\users\dell\downloads\cs202-supermario\build\supermario.dir\debug\supermario.ilk
c:\users\dell\downloads\cs202-supermario\build\supermario.dir\debug\supermario.tlog\cl.command.1.tlog
c:\users\dell\downloads\cs202-supermario\build\supermario.dir\debug\supermario.tlog\cl.items.tlog
c:\users\dell\downloads\cs202-supermario\build\supermario.dir\debug\supermario.tlog\cl.read.1.tlog
c:\users\dell\downloads\cs202-supermario\build\supermario.dir\debug\supermario.tlog\cl.write.1.tlog
c:\users\dell\downloads\cs202-supermario\build\supermario.dir\debug\supermario.tlog\custombuild.command.1.tlog
c:\users\dell\downloads\cs202-supermario\build\supermario.dir\debug\supermario.tlog\custombuild.read.1.tlog
c:\users\dell\downloads\cs202-supermario\build\supermario.dir\debug\supermario.tlog\custombuild.write.1.tlog
c:\users\dell\downloads\cs202-supermario\build\supermario.dir\debug\supermario.tlog\link.command.1.tlog
c:\users\dell\downloads\cs202-supermario\build\supermario.dir\debug\supermario.tlog\link.read.1.tlog
c:\users\dell\downloads\cs202-supermario\build\supermario.dir\debug\supermario.tlog\link.secondary.1.tlog
c:\users\dell\downloads\cs202-supermario\build\supermario.dir\debug\supermario.tlog\link.write.1.tlog
