c:\users\dell\downloads\cs202-supermario\build\menu.dir\debug\vc143.pdb
c:\users\dell\downloads\cs202-supermario\build\menu.dir\debug\menu.obj
c:\users\dell\downloads\cs202-supermario\build\menu.dir\debug\sprite.obj
c:\users\dell\downloads\cs202-supermario\build\menu.dir\debug\settings.obj
c:\users\dell\downloads\cs202-supermario\build\menu.dir\debug\resourcemanager.obj
c:\users\dell\downloads\cs202-supermario\build\menu.dir\debug\map.obj
c:\users\dell\downloads\cs202-supermario\build\menu.dir\debug\mario.obj
c:\users\dell\downloads\cs202-supermario\build\menu.dir\debug\luigi.obj
c:\users\dell\downloads\cs202-supermario\build\menu.dir\debug\inputmanager.obj
c:\users\dell\downloads\cs202-supermario\build\menu.dir\debug\global.obj
c:\users\dell\downloads\cs202-supermario\build\menu.dir\debug\gameengine.obj
c:\users\dell\downloads\cs202-supermario\build\menu.dir\debug\fpsmanager.obj
c:\users\dell\downloads\cs202-supermario\build\menu.dir\debug\entity.obj
c:\users\dell\downloads\cs202-supermario\build\menu.dir\debug\enemy.obj
c:\users\dell\downloads\cs202-supermario\build\menu.dir\debug\collision.obj
c:\users\dell\downloads\cs202-supermario\build\menu.dir\debug\character.obj
c:\users\dell\downloads\cs202-supermario\build\menu.dir\debug\background.obj
c:\users\dell\downloads\cs202-supermario\build\menu.dir\debug\block.obj
c:\users\dell\downloads\cs202-supermario\build\menu.dir\debug\animation.obj
c:\users\dell\downloads\cs202-supermario\build\cmakefiles\generate.stamp
c:\users\dell\downloads\cs202-supermario\build\debug\menu.exe
c:\users\dell\downloads\cs202-supermario\build\debug\menu.pdb
c:\users\dell\downloads\cs202-supermario\build\menu.dir\debug\menu.ilk
c:\users\dell\downloads\cs202-supermario\build\menu.dir\debug\menu.tlog\cl.command.1.tlog
c:\users\dell\downloads\cs202-supermario\build\menu.dir\debug\menu.tlog\cl.items.tlog
c:\users\dell\downloads\cs202-supermario\build\menu.dir\debug\menu.tlog\cl.read.1.tlog
c:\users\dell\downloads\cs202-supermario\build\menu.dir\debug\menu.tlog\cl.write.1.tlog
c:\users\dell\downloads\cs202-supermario\build\menu.dir\debug\menu.tlog\custombuild.command.1.tlog
c:\users\dell\downloads\cs202-supermario\build\menu.dir\debug\menu.tlog\custombuild.read.1.tlog
c:\users\dell\downloads\cs202-supermario\build\menu.dir\debug\menu.tlog\custombuild.write.1.tlog
c:\users\dell\downloads\cs202-supermario\build\menu.dir\debug\menu.tlog\link.command.1.tlog
c:\users\dell\downloads\cs202-supermario\build\menu.dir\debug\menu.tlog\link.read.1.tlog
c:\users\dell\downloads\cs202-supermario\build\menu.dir\debug\menu.tlog\link.secondary.1.tlog
c:\users\dell\downloads\cs202-supermario\build\menu.dir\debug\menu.tlog\link.write.1.tlog
